#
# An unexpected error has been detected by Java Runtime Environment:
#
#  EXCEPTION_ACCESS_VIOLATION (0xc0000005) at pc=0x6d92898d, pid=5740, tid=7560
#
# Java VM: Java HotSpot(TM) Client VM (11.3-b02 mixed mode windows-x86)
# Problematic frame:
# V  [jvm.dll+0x7898d]
#
# If you would like to submit a bug report, please visit:
#   http://java.sun.com/webapps/bugreport/crash.jsp
#

---------------  T H R E A D  ---------------

Current thread (0x0037b800):  JavaThread "main" [_thread_in_vm, id=7560, stack(0x002b0000,0x00300000)]

siginfo: ExceptionCode=0xc0000005, reading address 0x00ffe3a9

Registers:
EAX=0x026ffc08, EBX=0x000000b7, ECX=0x026ffc08, EDX=0x00ffe381
ESP=0x002fe860, EBP=0x00000000, ESI=0x026ffc08, EDI=0x0037b800
EIP=0x6d92898d, EFLAGS=0x00010202

Top of Stack: (sp=0x002fe860)
0x002fe860:   002fe87c 6d907fdf 026ffc24 0037b800
0x002fe870:   6d975ac2 002fe900 002fe928 002fe900
0x002fe880:   026ffc24 6d8b844f 76f1f979 002fe928
0x002fe890:   002fe900 6d9779e7 0037b800 0037b800
0x002fe8a0:   092473f4 002fe928 000000b7 0037b800
0x002fe8b0:   0037b800 0ce40ee0 0037bf20 00000000
0x002fe8c0:   6d8b2998 00000000 00000000 00000000
0x002fe8d0:   00000000 00000008 0037b800 6d975636 

Instructions: (pc=0x6d92898d)
0x6d92897d:   0f 8f 03 00 8b f0 85 f6 75 02 5e c3 8b 16 8b ce
0x6d92898d:   ff 52 28 84 c0 74 2c 8b 06 8b ce ff 50 2c 84 c0 


Stack: [0x002b0000,0x00300000],  sp=0x002fe860,  free space=314k
Native frames: (J=compiled Java code, j=interpreted, Vv=VM code, C=native code)
V  [jvm.dll+0x7898d]

[error occurred during error reporting (printing native stack), id 0xc0000005]

Java frames: (J=compiled Java code, j=interpreted, Vv=VM code)

[error occurred during error reporting (printing Java stack), id 0xc0000005]


---------------  P R O C E S S  ---------------

Java Threads: ( => current thread )
  0x0cef5800 JavaThread "Thread-5" [_thread_in_native, id=6328, stack(0x0d2c0000,0x0d310000)]
  0x0cd9fc00 JavaThread "ReaderThread" [_thread_in_native, id=6816, stack(0x0d230000,0x0d280000)]
  0x026db800 JavaThread "Low Memory Detector" daemon [_thread_blocked, id=7676, stack(0x0c930000,0x0c980000)]
  0x026d6400 JavaThread "CompilerThread0" daemon [_thread_blocked, id=7596, stack(0x0c8a0000,0x0c8f0000)]
  0x026d5400 JavaThread "Attach Listener" daemon [_thread_blocked, id=8172, stack(0x0c810000,0x0c860000)]
  0x026a2400 JavaThread "Signal Dispatcher" daemon [_thread_blocked, id=6392, stack(0x0c780000,0x0c7d0000)]
  0x02690400 JavaThread "Finalizer" daemon [_thread_blocked, id=3472, stack(0x0c6f0000,0x0c740000)]
  0x0268bc00 JavaThread "Reference Handler" daemon [_thread_blocked, id=3484, stack(0x01e80000,0x01ed0000)]
=>0x0037b800 JavaThread "main" [_thread_in_vm, id=7560, stack(0x002b0000,0x00300000)]

Other Threads:
  0x02688400 VMThread [stack: 0x004c0000,0x00510000] [id=920]
  0x026e4000 WatcherThread [stack: 0x0c9c0000,0x0ca10000] [id=7660]

VM state:not at safepoint (normal execution)

VM Mutex/Monitor currently owned by a thread: None

Heap
 def new generation   total 960K, used 427K [0x046f0000, 0x047f0000, 0x04bd0000)
  eden space 896K,  44% used [0x046f0000, 0x04753450, 0x047d0000)
  from space 64K,  47% used [0x047d0000, 0x047d79b8, 0x047e0000)
  to   space 64K,   0% used [0x047e0000, 0x047e0000, 0x047f0000)
 tenured generation   total 4096K, used 2236K [0x04bd0000, 0x04fd0000, 0x086f0000)
   the space 4096K,  54% used [0x04bd0000, 0x04dff2f8, 0x04dff400, 0x04fd0000)
 compacting perm gen  total 12288K, used 11619K [0x086f0000, 0x092f0000, 0x0c6f0000)
   the space 12288K,  94% used [0x086f0000, 0x09248e48, 0x09249000, 0x092f0000)
No shared spaces configured.

Dynamic libraries:
0x00400000 - 0x00424000 	D:\MyEclipse 8.5_1\Genuitec\Common\binary\com.sun.java.jdk.win32.x86_1.6.0.013\bin\javaw.exe
0x76f00000 - 0x77080000 	C:\Windows\SysWOW64\ntdll.dll
0x76930000 - 0x76a30000 	C:\Windows\syswow64\kernel32.dll
0x76560000 - 0x765a6000 	C:\Windows\syswow64\KERNELBASE.dll
0x76390000 - 0x76430000 	C:\Windows\syswow64\ADVAPI32.dll
0x76700000 - 0x767ac000 	C:\Windows\syswow64\msvcrt.dll
0x750a0000 - 0x750b9000 	C:\Windows\SysWOW64\sechost.dll
0x76840000 - 0x76930000 	C:\Windows\syswow64\RPCRT4.dll
0x74a70000 - 0x74ad0000 	C:\Windows\syswow64\SspiCli.dll
0x74a60000 - 0x74a6c000 	C:\Windows\syswow64\CRYPTBASE.dll
0x75f70000 - 0x76070000 	C:\Windows\syswow64\USER32.dll
0x76430000 - 0x764c0000 	C:\Windows\syswow64\GDI32.dll
0x766f0000 - 0x766fa000 	C:\Windows\syswow64\LPK.dll
0x75e10000 - 0x75ead000 	C:\Windows\syswow64\USP10.dll
0x76a30000 - 0x76a90000 	C:\Windows\system32\IMM32.DLL
0x74fc0000 - 0x7508c000 	C:\Windows\syswow64\MSCTF.dll
0x7c340000 - 0x7c396000 	D:\MyEclipse 8.5_1\Genuitec\Common\binary\com.sun.java.jdk.win32.x86_1.6.0.013\jre\bin\msvcr71.dll
0x6d8b0000 - 0x6db06000 	D:\MyEclipse 8.5_1\Genuitec\Common\binary\com.sun.java.jdk.win32.x86_1.6.0.013\jre\bin\client\jvm.dll
0x74790000 - 0x747c2000 	C:\Windows\system32\WINMM.dll
0x74450000 - 0x7449b000 	C:\Windows\system32\apphelp.dll
0x6d340000 - 0x6d348000 	D:\MyEclipse 8.5_1\Genuitec\Common\binary\com.sun.java.jdk.win32.x86_1.6.0.013\jre\bin\hpi.dll
0x75d70000 - 0x75d75000 	C:\Windows\syswow64\PSAPI.DLL
0x6d860000 - 0x6d86c000 	D:\MyEclipse 8.5_1\Genuitec\Common\binary\com.sun.java.jdk.win32.x86_1.6.0.013\jre\bin\verify.dll
0x6d3e0000 - 0x6d3ff000 	D:\MyEclipse 8.5_1\Genuitec\Common\binary\com.sun.java.jdk.win32.x86_1.6.0.013\jre\bin\java.dll
0x6d8a0000 - 0x6d8af000 	D:\MyEclipse 8.5_1\Genuitec\Common\binary\com.sun.java.jdk.win32.x86_1.6.0.013\jre\bin\zip.dll
0x6d6c0000 - 0x6d6d3000 	D:\MyEclipse 8.5_1\Genuitec\Common\binary\com.sun.java.jdk.win32.x86_1.6.0.013\jre\bin\net.dll
0x75f30000 - 0x75f65000 	C:\Windows\syswow64\WS2_32.dll
0x76ed0000 - 0x76ed6000 	C:\Windows\syswow64\NSI.dll
0x74380000 - 0x743bc000 	C:\Windows\system32\mswsock.dll
0x742b0000 - 0x742b6000 	C:\Windows\System32\wship6.dll
0x742d0000 - 0x742d5000 	C:\Windows\System32\wshtcpip.dll
0x74330000 - 0x74374000 	C:\Windows\system32\DNSAPI.dll
0x74980000 - 0x7499c000 	C:\Windows\system32\IPHLPAPI.DLL
0x74970000 - 0x74977000 	C:\Windows\system32\WINNSI.DLL
0x74020000 - 0x74026000 	C:\Windows\system32\rasadhlp.dll
0x74030000 - 0x74068000 	C:\Windows\System32\fwpuclnt.dll
0x74430000 - 0x74446000 	C:\Windows\system32\CRYPTSP.dll
0x743f0000 - 0x7442b000 	C:\Windows\system32\rsaenh.dll
0x74770000 - 0x74787000 	C:\Windows\system32\USERENV.dll
0x74760000 - 0x7476b000 	C:\Windows\system32\profapi.dll
0x743c0000 - 0x743d0000 	C:\Windows\system32\NLAapi.dll
0x74320000 - 0x74328000 	C:\Windows\System32\winrnr.dll
0x74310000 - 0x74320000 	C:\Windows\system32\napinsp.dll
0x742f0000 - 0x74302000 	C:\Windows\system32\pnrpnsp.dll
0x742e0000 - 0x742ed000 	C:\Windows\system32\wshbth.dll
0x743d0000 - 0x743e2000 	C:\Windows\system32\dhcpcsvc.DLL
0x742c0000 - 0x742cd000 	C:\Windows\system32\dhcpcsvc6.DLL
0x6d6e0000 - 0x6d6e9000 	D:\MyEclipse 8.5_1\Genuitec\Common\binary\com.sun.java.jdk.win32.x86_1.6.0.013\jre\bin\nio.dll

VM Arguments:
jvm_args: -ea -Dfile.encoding=UTF-8 
java_command: org.testng.remote.RemoteTestNG -port 51754 -d D:\WorkSpaces\mavenPro2\test-output -usedefaultlisteners false C:\Users\tarena\AppData\Local\Temp\testng-eclipse\testng-customsuite.xml
Launcher Type: SUN_STANDARD

Environment Variables:
JAVA_HOME=D:\MyEclipse 8.5\Common\binary\com.sun.java.jdk.win32.x86_1.6.0.013
CLASSPATH=.;D:\MyEclipse 8.5\Common\binary\com.sun.java.jdk.win32.x86_1.6.0.013\lib\dt.jar;D:\MyEclipse 8.5\Common\binary\com.sun.java.jdk.win32.x86_1.6.0.013\lib\tools.jar
PATH=D:/MyEclipse 8.5_1/Genuitec/Common/binary/com.sun.java.jdk.win32.x86_1.6.0.013/jre/bin/client;D:/MyEclipse 8.5_1/Genuitec/Common/binary/com.sun.java.jdk.win32.x86_1.6.0.013/jre/bin;C:\Windows\system32;C:\Windows;C:\Windows\System32\Wbem;C:\Windows\System32\WindowsPowerShell\v1.0\;C:\wamp\bin\mysql\mysql5.5.24\\bin;C:\Program Files (x86)\Google\Chrome\Application\;D:\MyEclipse 8.5\Common\binary\com.sun.java.jdk.win32.x86_1.6.0.013\jre\bin;D:\MyEclipse 8.5\Common\binary\com.sun.java.jdk.win32.x86_1.6.0.013\bin;D:\apache-maven-3.2.5\bin;C:\Program Files (x86)\Git\cmd
USERNAME=tarena
OS=Windows_NT
PROCESSOR_IDENTIFIER=Intel64 Family 6 Model 78 Stepping 3, GenuineIntel



---------------  S Y S T E M  ---------------

OS: Windows NT 6.1 Build 7600 

CPU:total 4 (8 cores per cpu, 2 threads per core) family 6 model 14 stepping 3, cmov, cx8, fxsr, mmx, sse, sse2, sse3, ssse3, ht

Memory: 4k page, physical 4194303k(4194303k free), swap 4194303k(4194303k free)

vm_info: Java HotSpot(TM) Client VM (11.3-b02) for windows-x86 JRE (1.6.0_13-b03), built on Mar  9 2009 01:15:24 by "java_re" with MS VC++ 7.1

time: Mon Apr 09 08:39:45 2018
elapsed time: 6 seconds

