2018-03-28 20:06:40,541 INFO  Try to open browser 
2018-03-28 20:06:47,022 INFO  Browser is opened 
2018-03-28 20:06:56,731 INFO  Baidu page is loaded 
2018-03-28 20:06:59,731 INFO  Try to close browser 
2018-03-28 20:06:59,866 INFO  Browser is closed 
2018-04-09 08:25:36,379 INFO  Browser is opened,Type is :firefox 
2018-04-09 08:25:52,412 INFO  Browser is opened,Type is :firefox 
2018-04-09 08:26:06,143 INFO  Browser is opened,Type is :firefox 
2018-04-09 08:26:33,675 INFO  Browser is opened,Type is :ie 
2018-04-09 08:26:44,636 INFO  Browser is opened,Type is :ie 
2018-04-09 08:26:57,817 INFO  Browser is opened,Type is :ie 
2018-04-09 08:27:25,242 ERROR Invalid browser type:ie11111 
2018-04-09 08:27:25,243 INFO  Browser is opened,Type is :ie11111 
2018-04-09 08:27:25,243 ERROR Unable to open browser. 
2018-04-09 08:27:25,243 ERROR  
2018-04-09 08:31:06,239 INFO  Browser is opened,Type is :firefox 
2018-04-09 08:31:18,767 INFO  Browser is opened,Type is :firefox 
2018-04-09 08:31:32,630 INFO  Browser is opened,Type is :firefox 
2018-04-09 08:31:41,309 INFO  Browser is opened,Type is :ie 
2018-04-09 08:31:50,695 INFO  Browser is opened,Type is :ie 
2018-04-09 08:32:03,590 INFO  Browser is opened,Type is :ie 
2018-04-09 08:33:42,613 INFO  Browser is opened,Type is :firefox 
2018-04-09 08:33:55,865 INFO  Browser is opened,Type is :firefox 
2018-04-09 08:34:10,433 INFO  Browser is opened,Type is :firefox 
2018-04-09 08:34:18,030 INFO  Browser is opened,Type is :ie 
2018-04-09 08:34:27,060 INFO  Browser is opened,Type is :ie 
2018-04-09 08:34:39,957 INFO  Browser is opened,Type is :ie 
2018-04-09 09:07:11,477 INFO  Browser is opened,Type is :firefox 
2018-04-09 09:07:42,126 ERROR Unable to locate element: {"method":"id","selector":"abcdef"}
Command duration or timeout: 30.11 seconds
For documentation on this error, please visit: http://seleniumhq.org/exceptions/no_such_element.html
Build info: version: '2.44.0', revision: '76d78cf323ce037c5f92db6c1bba601c2ac43ad8', time: '2014-10-23 13:11:40'
System info: host: 'tarena-PC', ip: '192.168.159.1', os.name: 'Windows Vista', os.arch: 'x86', os.version: '6.1', java.version: '1.6.0_13'
Session ID: 14689d84-0529-4ffc-9815-f616fde84c64
Driver info: org.openqa.selenium.firefox.FirefoxDriver
Capabilities [{platform=WINDOWS, acceptSslCerts=true, javascriptEnabled=true, browserName=firefox, rotatable=false, locationContextEnabled=true, version=33.1.1, cssSelectorsEnabled=true, databaseEnabled=true, handlesAlerts=true, nativeEvents=true, webStorageEnabled=true, applicationCacheEnabled=true, takesScreenshot=true}] 
2018-04-09 09:09:01,543 INFO  Browser is opened,Type is :firefox 
2018-04-09 09:09:32,196 ERROR Unable to locate element: {"method":"id","selector":"abcdef"}
Command duration or timeout: 30.05 seconds
For documentation on this error, please visit: http://seleniumhq.org/exceptions/no_such_element.html
Build info: version: '2.44.0', revision: '76d78cf323ce037c5f92db6c1bba601c2ac43ad8', time: '2014-10-23 13:11:40'
System info: host: 'tarena-PC', ip: '192.168.159.1', os.name: 'Windows Vista', os.arch: 'x86', os.version: '6.1', java.version: '1.6.0_13'
Session ID: 9329a600-1444-4b87-9f20-107b01bf372f
Driver info: org.openqa.selenium.firefox.FirefoxDriver
Capabilities [{platform=WINDOWS, acceptSslCerts=true, javascriptEnabled=true, browserName=firefox, rotatable=false, locationContextEnabled=true, version=33.1.1, cssSelectorsEnabled=true, databaseEnabled=true, handlesAlerts=true, nativeEvents=true, webStorageEnabled=true, applicationCacheEnabled=true, takesScreenshot=true}] 
2018-04-09 11:19:33,054 INFO  Browser is opened,Type is :firefox 
2018-04-09 11:19:33,634 INFO  Execute JS:return document.title; 
2018-04-09 11:19:33,635 INFO  JS arg1:[Ljava.lang.Object;@cd83d8 
2018-04-09 11:22:50,291 INFO  Browser is opened,Type is :firefox 
2018-04-09 11:22:50,888 INFO  Execute JS:return document.title; 
2018-04-09 11:22:50,888 INFO  JS arg1:[Ljava.lang.Object;@6de609 
2018-04-09 11:22:50,990 INFO  Execute JS:arguments[0].setAttribute(arguments[1],arguments[2]); 
2018-04-09 11:22:50,990 INFO  JS arg1:[Ljava.lang.Object;@82254d 
2018-04-09 11:48:02,261 INFO  Browser is opened,Type is :firefox 
2018-04-09 11:48:03,361 INFO  Execute JS:return document.readyState; 
2018-04-09 11:48:03,362 INFO  JS arg1:[Ljava.lang.Object;@13a0212 
2018-04-09 11:48:03,386 INFO  The page is loaded. 
2018-04-09 12:31:08,244 INFO  Browser is opened,Type is :firefox 
2018-04-09 12:31:08,782 INFO  Execute JS:return document.title; 
2018-04-09 12:31:08,782 INFO  JS arg1:[Ljava.lang.Object;@1a6518 
2018-04-09 12:31:08,895 INFO  Execute JS:arguments[0].setAttribute(arguments[1],arguments[2]); 
2018-04-09 12:31:08,896 INFO  JS arg1:[Ljava.lang.Object;@a6cbf7 
2018-04-09 12:31:11,904 INFO  Execute JS:return document.readyState; 
2018-04-09 12:31:11,904 INFO  JS arg1:[Ljava.lang.Object;@4e2f0a 
2018-04-09 12:31:11,913 INFO  The page is loaded. 
2018-04-09 12:32:12,819 INFO  Browser is opened,Type is :firefox 
2018-04-09 12:32:13,316 INFO  Execute JS:return document.readyState; 
2018-04-09 12:32:13,317 INFO  JS arg1:[Ljava.lang.Object;@100aff5 
2018-04-09 12:32:13,345 INFO  The page is loaded. 
2018-04-09 12:32:13,346 INFO  Execute JS:return document.title; 
2018-04-09 12:32:13,346 INFO  JS arg1:[Ljava.lang.Object;@cd83d8 
2018-04-09 12:32:13,402 INFO  Execute JS:arguments[0].setAttribute(arguments[1],arguments[2]); 
2018-04-09 12:32:13,402 INFO  JS arg1:[Ljava.lang.Object;@15e0c2b 
2018-04-09 12:32:16,411 INFO  Execute JS:return document.readyState; 
2018-04-09 12:32:16,411 INFO  JS arg1:[Ljava.lang.Object;@114b17 
2018-04-09 12:32:16,435 INFO  The page is loaded. 
2018-04-09 12:49:34,008 INFO  Browser is opened,Type is :firefox 
2018-04-09 12:49:36,006 INFO  Execute JS:return document.readyState; 
2018-04-09 12:49:36,007 INFO  JS arg1:[Ljava.lang.Object;@156e5ed 
2018-04-09 12:49:36,043 INFO  Page is loaded in 1 seconds. 
2018-04-09 12:50:34,582 INFO  Browser is opened,Type is :firefox 
2018-04-09 12:50:36,845 INFO  Execute JS:return document.readyState; 
2018-04-09 12:50:36,845 INFO  JS arg1:[Ljava.lang.Object;@19050a0 
2018-04-09 12:50:36,856 INFO  Page is loaded in 1 seconds. 
2018-04-09 13:15:38,715 INFO  Browser is opened,Type is :firefox 
2018-04-09 13:15:39,261 INFO  Execute JS:return document.title; 
2018-04-09 13:15:39,262 INFO  JS arg1:[Ljava.lang.Object;@7b1641 
2018-04-09 13:15:39,393 INFO  Execute JS:arguments[0].setAttribute(arguments[1],arguments[2]); 
2018-04-09 13:15:39,393 INFO  JS arg1:[Ljava.lang.Object;@1702c48 
2018-04-09 13:32:54,250 INFO  Browser is opened,Type is :firefox 
2018-04-09 13:32:54,946 INFO  Select option in drop down list byvisibletext 
2018-04-09 13:32:55,050 INFO  用户评论 is selected in drop down list:[[FirefoxDriver: firefox on WINDOWS (1ea2a898-d355-4f17-bfe9-5a218f929705)] -> id: menus_navlist] 
2018-04-09 13:33:26,448 INFO  Browser is opened,Type is :firefox 
2018-04-09 13:33:27,133 INFO  Select option in drop down list byvisibletext 
2018-04-09 13:33:27,218 INFO  用户评论 is selected in drop down list:[[FirefoxDriver: firefox on WINDOWS (aca7ebdf-79e5-4009-9186-2f64e3875fc0)] -> id: menus_navlist] 
2018-04-09 13:33:27,232 INFO  Select option in drop down list byindex 
2018-04-09 13:33:27,498 INFO  1 is selected in drop down list:[[FirefoxDriver: firefox on WINDOWS (aca7ebdf-79e5-4009-9186-2f64e3875fc0)] -> id: menus_navlist] 
2018-04-09 13:34:14,505 INFO  Browser is opened,Type is :firefox 
2018-04-09 13:34:15,179 INFO  Select option in drop down list byvisibletext 
2018-04-09 13:34:15,284 INFO  用户评论 is selected in drop down list:[[FirefoxDriver: firefox on WINDOWS (09dafe57-0d3b-4091-85bf-784147c07563)] -> id: menus_navlist] 
2018-04-09 13:34:15,299 INFO  Select option in drop down list byindex 
2018-04-09 13:34:15,634 INFO  1 is selected in drop down list:[[FirefoxDriver: firefox on WINDOWS (09dafe57-0d3b-4091-85bf-784147c07563)] -> id: menus_navlist] 
2018-04-09 13:34:15,655 INFO  Select option in drop down list byvalue 
2018-04-09 13:34:15,775 INFO  shop_config is selected in drop down list:[[FirefoxDriver: firefox on WINDOWS (09dafe57-0d3b-4091-85bf-784147c07563)] -> id: menus_navlist] 
2018-04-09 13:39:14,756 INFO  Browser is opened,Type is :firefox 
2018-04-09 13:39:15,463 INFO  Select option in drop down list byvisibletext 
2018-04-09 13:39:15,541 INFO  用户评论 is selected in drop down list:[[FirefoxDriver: firefox on WINDOWS (0fb15674-1ddb-422c-a9d7-2894fd383c6f)] -> id: menus_navlist] 
2018-04-09 13:39:15,713 INFO  Select option in drop down list byindex 
2018-04-09 13:39:15,935 INFO  1 is selected in drop down list:[[FirefoxDriver: firefox on WINDOWS (0fb15674-1ddb-422c-a9d7-2894fd383c6f)] -> id: menus_navlist] 
2018-04-09 13:39:16,042 INFO  Select option in drop down list byvalue 
2018-04-09 13:39:16,122 INFO  shop_config is selected in drop down list:[[FirefoxDriver: firefox on WINDOWS (0fb15674-1ddb-422c-a9d7-2894fd383c6f)] -> id: menus_navlist] 
2018-04-09 16:50:20,944 INFO  Browser is opened,Type is :firefox 
2018-04-09 16:50:22,375 INFO  The element is clicked. 
2018-04-09 16:50:22,375 INFO  Execute JS:return document.readyState; 
2018-04-09 16:50:22,375 INFO  JS arg1:[Ljava.lang.Object;@159054d 
2018-04-09 16:50:22,391 INFO  The page is loaded. 
2018-04-09 17:01:20,012 INFO  Browser is opened,Type is :firefox 
2018-04-09 17:01:21,422 INFO  The element is clicked. 
2018-04-09 17:01:21,423 INFO  Execute JS:return document.readyState; 
2018-04-09 17:01:21,423 INFO  JS arg1:[Ljava.lang.Object;@1c5af2e 
2018-04-09 17:01:21,442 INFO  The page is loaded. 
2018-04-09 17:01:28,652 INFO  Browser is opened,Type is :firefox 
2018-04-09 17:01:30,578 INFO  jack is input to element. 
2018-04-12 12:33:33,391 INFO  Browser is opened,Type is :firefox 
2018-04-12 12:33:33,988 INFO  Switched to default content. 
2018-04-12 12:33:33,995 INFO  Switched to frame,idOrName:f1 
2018-04-12 12:33:34,186 INFO  123456 is input to element. 
2018-04-12 12:33:34,194 INFO  Switched to default content. 
2018-04-12 12:33:34,201 INFO  Switched to frame,idOrName:f2 
2018-04-12 12:33:35,097 INFO  654321 is input to element. 
2018-04-12 12:37:40,090 INFO  Browser is opened,Type is :firefox 
2018-04-12 12:37:40,738 INFO  Switched to default content. 
2018-04-12 12:37:40,748 INFO  Switched to frame,index:0 
2018-04-12 12:37:41,855 INFO  123456 is input to element. 
2018-04-12 12:37:41,865 INFO  Switched to default content. 
2018-04-12 12:37:41,872 INFO  Switched to frame,index:1 
2018-04-12 12:37:42,019 INFO  654321 is input to element. 
2018-04-12 12:41:04,877 INFO  Browser is opened,Type is :firefox 
2018-04-12 12:41:05,603 INFO  Switched to default content. 
2018-04-12 12:41:05,611 INFO  Switched to frame. 
2018-04-12 12:41:06,891 INFO  123456 is input to element. 
2018-04-12 12:42:33,569 INFO  Browser is opened,Type is :firefox 
2018-04-12 12:42:34,235 INFO  Switched to default content. 
2018-04-12 12:42:34,243 INFO  Switched to frame. 
2018-04-12 12:42:34,392 INFO  123456 is input to element. 
2018-04-12 12:42:34,403 INFO  Switched to default content. 
2018-04-12 12:42:35,119 INFO  Switched to default content. 
2018-04-12 12:42:35,129 INFO  Switched to frame. 
2018-04-12 12:42:35,261 INFO  654321 is input to element. 
2018-04-12 12:53:56,170 INFO  Browser is opened,Type is :firefox 
2018-04-12 12:53:56,822 INFO  Switched to default content. 
2018-04-12 12:53:56,880 INFO  Switched to default content. 
2018-04-12 12:53:56,888 INFO  Switched to frame,index:0 
2018-04-12 12:53:56,898 INFO  Switch to frame contains:input1 
2018-04-12 12:53:57,825 INFO  123456 is input to element. 
2018-04-12 12:53:57,838 INFO  Switched to default content. 
2018-04-12 12:53:57,853 INFO  Switched to default content. 
2018-04-12 12:53:57,860 INFO  Switched to frame,index:0 
2018-04-12 12:53:57,878 INFO  Switched to default content. 
2018-04-12 12:53:57,885 INFO  Switched to frame,index:1 
2018-04-12 12:53:57,891 INFO  Switch to frame contains:input2 
2018-04-12 12:53:58,018 INFO  654321 is input to element. 
2018-04-12 13:01:32,392 INFO  Browser is opened,Type is :firefox 
2018-04-12 13:01:42,698 INFO  Browser is opened,Type is :firefox 
2018-04-12 13:01:54,399 INFO  Browser is opened,Type is :firefox 
2018-04-12 13:02:04,301 INFO  Browser is opened,Type is :ie 
2018-04-12 13:02:13,694 INFO  Browser is opened,Type is :ie 
2018-04-12 13:02:26,281 INFO  Browser is opened,Type is :ie 
2018-04-16 09:06:22,583 INFO  Browser is opened,Type is :firefox 
2018-04-16 09:08:50,754 INFO  Browser is opened,Type is :firefox 
2018-04-16 09:10:19,049 INFO  Browser is opened,Type is :firefox 
2018-04-16 09:10:22,588 ERROR The window cannot be found:windName1111111 
2018-04-16 09:29:47,825 INFO  Browser is opened,Type is :firefox 
2018-04-16 09:29:49,408 INFO  Switched to new window. 
2018-04-16 09:30:40,788 INFO  Browser is opened,Type is :firefox 
2018-04-16 09:30:42,178 INFO  Switched to new window. 
2018-04-16 09:30:45,361 INFO  Switched to new window. 
2018-04-16 10:05:15,642 INFO  Browser is opened,Type is :firefox 
2018-04-16 10:05:19,195 ERROR The window cannot be found:windName1111111 
2018-04-16 10:05:56,820 INFO  Browser is opened,Type is :firefox 
2018-04-16 10:05:58,379 INFO  Switched to new window. 
2018-04-16 10:06:01,590 INFO  Switched to new window. 
2018-04-16 10:06:08,122 INFO  Browser is opened,Type is :firefox 
2018-04-16 10:06:10,251 INFO  Switch window by title value 
2018-04-16 10:06:10,251 INFO  Switched to target window 
2018-04-16 10:06:13,446 INFO  Switch window by page source value 
2018-04-16 10:06:13,446 INFO  Switched to target window 
2018-04-16 10:07:27,043 INFO  Browser is opened,Type is :firefox 
2018-04-16 10:07:29,121 INFO  Switch window by title value 
2018-04-16 10:07:29,122 INFO  Switched to target window 
2018-04-16 10:07:32,304 INFO  Switch window by page source value 
2018-04-16 10:07:32,304 INFO  Switched to target window 
2018-04-16 10:44:26,026 INFO  Browser is opened,Type is :firefox 
2018-04-16 10:44:27,195 INFO  Can find the element. 
2018-04-16 10:44:57,259 ERROR Can not find the element. 
2018-04-16 11:07:32,411 INFO  Browser is opened,Type is :firefox 
2018-04-16 11:07:33,777 INFO  Can find alert. 
2018-04-16 11:08:27,962 INFO  Browser is opened,Type is :firefox 
2018-04-16 11:08:30,798 ERROR Can not find alert. 
2018-04-16 11:08:31,507 INFO  Can find alert. 
2018-04-16 11:44:54,944 INFO  Browser is opened,Type is :firefox 
2018-04-16 11:44:57,705 ERROR Can not find alert. 
2018-04-16 11:44:58,351 INFO  Can find alert. 
2018-04-16 11:44:58,386 INFO  Accept the alert. 
2018-04-16 11:44:58,408 INFO  The text in the alert is:Welcome! 
2018-04-16 12:06:54,626 INFO  Browser is opened,Type is :firefox 
2018-04-16 12:06:57,362 ERROR Can not find alert. 
2018-04-16 12:06:58,132 INFO  Can find alert. 
2018-04-16 12:06:58,164 INFO  Accept the alert. 
2018-04-16 12:06:58,186 INFO  The text in the alert is:Welcome! 
2018-04-16 12:06:58,455 INFO  Accept the alert. 
2018-04-16 12:06:58,531 INFO  The text in the alert is:Press a button 
2018-04-16 12:07:59,081 INFO  Browser is opened,Type is :firefox 
2018-04-16 12:08:01,794 ERROR Can not find alert. 
2018-04-16 12:08:02,428 INFO  Can find alert. 
2018-04-16 12:08:02,459 INFO  Accept the alert. 
2018-04-16 12:08:02,484 INFO  The text in the alert is:Welcome! 
2018-04-16 12:08:02,768 INFO  Accept the alert. 
2018-04-16 12:08:02,833 INFO  The text in the alert is:Press a button 
2018-04-16 12:08:13,509 INFO  Browser is opened,Type is :firefox 
2018-04-16 12:08:14,873 INFO  Dismiss the alert 
2018-04-16 12:08:14,952 INFO  The text in the alert is:Press a button 
2018-04-18 11:12:43,567 INFO  Browser is opened,Type is :firefox 
2018-04-18 11:12:44,643 INFO  Accept the alert. 
2018-04-18 11:12:44,700 INFO  The text in the alert is:Welcome! 
2018-04-18 11:33:49,354 INFO  Browser is opened,Type is :firefox 
2018-04-18 11:33:50,511 INFO  Dismiss the alert 
2018-04-18 11:33:50,599 INFO  The text in the alert is:Press a button 
2018-04-18 11:38:22,272 INFO  Browser is opened,Type is :firefox 
2018-04-18 11:38:24,254 INFO  Accept the alert. 
2018-04-18 11:38:24,326 INFO  The text in the alert is:- 用户名不能为空。
- 登录密码不能为空。
 
2018-04-18 12:00:48,215 INFO  Browser is opened,Type is :firefox 
2018-04-18 12:15:59,544 INFO  Browser is opened,Type is :firefox 
2018-04-18 12:49:21,326 INFO  Browser is opened,Type is :firefox 
2018-04-18 13:32:59,916 INFO  Browser is opened,Type is :firefox 
2018-04-18 13:33:00,713 INFO  123 is input to element. 
2018-04-18 13:55:31,054 INFO  Browser is opened,Type is :firefox 
2018-04-18 14:11:02,578 INFO  Browser is opened,Type is :firefox 
2018-04-18 18:27:30,573 INFO  Browser is opened,Type is :firefox 
2018-04-18 18:50:28,642 INFO  Browser is opened,Type is :firefox 
2018-04-18 18:50:59,764 INFO  Browser is opened,Type is :firefox 
2018-04-18 18:51:01,098 ERROR All options does not contains expected option:aaaa 
2018-04-18 18:52:27,770 INFO  Browser is opened,Type is :firefox 
2018-04-18 18:57:30,465 INFO  Browser is opened,Type is :firefox 
2018-04-18 19:06:56,377 INFO  Browser is opened,Type is :firefox 
2018-04-18 19:08:02,184 INFO  Browser is opened,Type is :firefox 
2018-04-20 08:16:54,264 INFO  Browser is opened,Type is :firefox 
2018-04-20 08:16:55,485 ERROR All options does not contains expected option:aaaa 
2018-04-20 08:29:43,718 INFO  Browser is opened,Type is :firefox 
2018-04-20 08:30:30,559 INFO  Browser is opened,Type is :firefox 
2018-04-20 08:30:31,396 ERROR The drop down list is not multiple. 
2018-04-20 08:32:13,495 INFO  Browser is opened,Type is :firefox 
2018-04-20 08:48:43,047 INFO  Browser is opened,Type is :firefox 
2018-04-20 08:48:43,766 INFO  Select option in drop down list byindex 
2018-04-20 08:48:43,928 INFO  1 is selected in drop down list:[[FirefoxDriver: firefox on WINDOWS (d1b7946d-e511-48b0-b8c3-3ea3b400d663)] -> id: menus_navlist] 
2018-04-20 08:49:11,444 INFO  Browser is opened,Type is :firefox 
2018-04-20 08:49:12,201 INFO  Select option in drop down list byindex 
2018-04-20 08:49:12,399 INFO  1 is selected in drop down list:[[FirefoxDriver: firefox on WINDOWS (b172c234-29e5-45e4-824a-09a5a425218a)] -> id: menus_navlist] 
2018-04-20 08:49:12,461 INFO  Select option in drop down list byindex 
2018-04-20 08:49:12,638 INFO  3 is selected in drop down list:[[FirefoxDriver: firefox on WINDOWS (b172c234-29e5-45e4-824a-09a5a425218a)] -> id: menus_navlist] 
2018-04-20 08:49:12,694 INFO  Select option in drop down list byindex 
2018-04-20 08:49:12,813 INFO  4 is selected in drop down list:[[FirefoxDriver: firefox on WINDOWS (b172c234-29e5-45e4-824a-09a5a425218a)] -> id: menus_navlist] 
2018-04-20 08:51:05,582 INFO  Browser is opened,Type is :firefox 
2018-04-20 08:51:06,304 INFO  Select option in drop down list byindex 
2018-04-20 08:51:06,522 INFO  1 is selected in drop down list:[[FirefoxDriver: firefox on WINDOWS (1e2e42b7-d6ac-4d8b-ad49-06d936bd89c4)] -> id: menus_navlist] 
2018-04-20 08:51:06,608 INFO  Select option in drop down list byindex 
2018-04-20 08:51:06,784 INFO  3 is selected in drop down list:[[FirefoxDriver: firefox on WINDOWS (1e2e42b7-d6ac-4d8b-ad49-06d936bd89c4)] -> id: menus_navlist] 
2018-04-20 08:51:06,833 INFO  Select option in drop down list byindex 
2018-04-20 08:51:06,942 INFO  4 is selected in drop down list:[[FirefoxDriver: firefox on WINDOWS (1e2e42b7-d6ac-4d8b-ad49-06d936bd89c4)] -> id: menus_navlist] 
2018-04-20 08:51:35,460 INFO  Browser is opened,Type is :firefox 
2018-04-20 08:51:36,185 INFO  Select option in drop down list byindex 
2018-04-20 08:51:36,446 INFO  1 is selected in drop down list:[[FirefoxDriver: firefox on WINDOWS (50178a70-6de1-4685-bbd2-d692b8e06a4b)] -> id: menus_navlist] 
2018-04-20 08:51:36,562 INFO  Select option in drop down list byindex 
2018-04-20 08:51:36,690 INFO  3 is selected in drop down list:[[FirefoxDriver: firefox on WINDOWS (50178a70-6de1-4685-bbd2-d692b8e06a4b)] -> id: menus_navlist] 
2018-04-20 08:51:36,744 INFO  Select option in drop down list byindex 
2018-04-20 08:51:36,853 INFO  4 is selected in drop down list:[[FirefoxDriver: firefox on WINDOWS (50178a70-6de1-4685-bbd2-d692b8e06a4b)] -> id: menus_navlist] 
2018-04-20 08:51:38,092 ERROR Selected options does not contaions :aaa 
2018-04-20 08:58:01,352 INFO  Browser is opened,Type is :firefox 
2018-04-20 08:58:02,088 INFO  Select option in drop down list byindex 
2018-04-20 08:58:02,388 INFO  1 is selected in drop down list:[[FirefoxDriver: firefox on WINDOWS (aab72898-bb7f-4b5c-b180-51b9758300bc)] -> id: menus_navlist] 
2018-04-20 08:58:02,449 INFO  Select option in drop down list byindex 
2018-04-20 08:58:02,598 INFO  3 is selected in drop down list:[[FirefoxDriver: firefox on WINDOWS (aab72898-bb7f-4b5c-b180-51b9758300bc)] -> id: menus_navlist] 
2018-04-20 08:58:02,644 INFO  Select option in drop down list byindex 
2018-04-20 08:58:02,758 INFO  4 is selected in drop down list:[[FirefoxDriver: firefox on WINDOWS (aab72898-bb7f-4b5c-b180-51b9758300bc)] -> id: menus_navlist] 
2018-04-20 08:58:27,554 INFO  Browser is opened,Type is :firefox 
2018-04-20 08:58:28,232 INFO  Select option in drop down list byindex 
2018-04-20 08:58:28,350 INFO  1 is selected in drop down list:[[FirefoxDriver: firefox on WINDOWS (05b26ee3-6302-423c-b11a-634db9b8eea5)] -> id: menus_navlist] 
2018-04-20 08:58:28,390 INFO  Select option in drop down list byindex 
2018-04-20 08:58:28,679 INFO  3 is selected in drop down list:[[FirefoxDriver: firefox on WINDOWS (05b26ee3-6302-423c-b11a-634db9b8eea5)] -> id: menus_navlist] 
2018-04-20 08:58:28,774 INFO  Select option in drop down list byindex 
2018-04-20 08:58:28,881 INFO  4 is selected in drop down list:[[FirefoxDriver: firefox on WINDOWS (05b26ee3-6302-423c-b11a-634db9b8eea5)] -> id: menus_navlist] 
2018-04-20 08:58:30,096 ERROR expected [6] but found [5] 
2018-04-20 09:01:34,356 INFO  Browser is opened,Type is :firefox 
2018-04-20 09:01:35,104 INFO  Select option in drop down list byindex 
2018-04-20 09:01:35,311 INFO  1 is selected in drop down list:[[FirefoxDriver: firefox on WINDOWS (a97a32f2-1529-493f-ae31-590ab4abf8cb)] -> id: menus_navlist] 
2018-04-20 09:01:35,471 INFO  Select option in drop down list byindex 
2018-04-20 09:01:35,613 INFO  3 is selected in drop down list:[[FirefoxDriver: firefox on WINDOWS (a97a32f2-1529-493f-ae31-590ab4abf8cb)] -> id: menus_navlist] 
2018-04-20 09:01:35,655 INFO  Select option in drop down list byindex 
2018-04-20 09:01:35,769 INFO  4 is selected in drop down list:[[FirefoxDriver: firefox on WINDOWS (a97a32f2-1529-493f-ae31-590ab4abf8cb)] -> id: menus_navlist] 
2018-04-20 12:06:33,988 INFO  Browser is opened,Type is :firefox 
2018-04-20 12:07:13,247 INFO  Browser is opened,Type is :firefox 
2018-04-20 12:07:51,159 INFO  Browser is opened,Type is :firefox 
2018-04-20 12:08:28,158 INFO  Browser is opened,Type is :ie 
2018-04-20 12:09:05,081 INFO  Browser is opened,Type is :ie 
2018-04-20 12:09:39,919 INFO  Browser is opened,Type is :ie 
2018-04-20 12:16:58,628 INFO  Browser is opened,Type is :firefox 
2018-04-20 12:17:10,261 INFO  Browser is opened,Type is :firefox 
2018-04-20 12:17:23,598 INFO  Browser is opened,Type is :firefox 
2018-04-20 12:17:31,609 INFO  Browser is opened,Type is :ie 
2018-04-20 12:17:41,311 INFO  Browser is opened,Type is :ie 
2018-04-20 12:17:54,708 INFO  Browser is opened,Type is :ie 
2018-04-20 12:19:17,466 INFO  Browser is opened,Type is :firefox 
2018-04-20 12:19:29,317 INFO  Browser is opened,Type is :firefox 
2018-04-20 12:19:41,918 INFO  Browser is opened,Type is :firefox 
2018-04-20 12:20:14,706 ERROR Unable to open browser. 
2018-04-20 12:20:14,709 ERROR Could not start a new session. Possible causes are invalid address of the remote server or browser start-up failure.
Build info: version: '2.44.0', revision: '76d78cf323ce037c5f92db6c1bba601c2ac43ad8', time: '2014-10-23 13:11:40'
System info: host: 'tarena-PC', ip: '192.168.159.1', os.name: 'Windows Vista', os.arch: 'x86', os.version: '6.1', java.version: '1.6.0_13'
Driver info: driver.version: InternetExplorerDriver 
2018-04-20 12:21:00,188 INFO  Browser is opened,Type is :firefox 
2018-04-20 12:21:11,130 INFO  Browser is opened,Type is :firefox 
2018-04-20 12:21:23,967 INFO  Browser is opened,Type is :firefox 
2018-04-20 12:21:32,206 INFO  Browser is opened,Type is :ie 
2018-04-20 12:21:41,710 INFO  Browser is opened,Type is :ie 
2018-04-20 12:21:55,082 INFO  Browser is opened,Type is :ie 
2018-04-20 12:42:23,009 INFO  Browser is opened,Type is :firefox 
2018-04-20 12:42:33,796 INFO  Browser is opened,Type is :firefox 
2018-04-20 12:42:46,285 INFO  Browser is opened,Type is :firefox 
2018-04-20 12:42:54,339 INFO  Browser is opened,Type is :ie 
2018-04-20 12:43:03,539 INFO  Browser is opened,Type is :ie 
2018-04-20 12:43:16,803 INFO  Browser is opened,Type is :ie 
